\BOOKMARK [0][-]{chapter.1}{\376\377\000I\000n\000t\000r\000o\000d\000u\000z\000i\000o\000n\000e}{}% 1
\BOOKMARK [1][-]{section.1.1}{\376\377\000A\000r\000c\000h\000i\000t\000e\000t\000t\000u\000r\000a\000\040\000f\000o\000n\000d\000a\000m\000e\000n\000t\000a\000l\000e\000\040\000d\000e\000l\000\040\000p\000r\000o\000g\000e\000t\000t\000o}{chapter.1}% 2
\BOOKMARK [1][-]{section.1.2}{\376\377\000E\000s\000t\000e\000n\000d\000i\000b\000i\000l\000i\000t\000\340\000\040\000e\000d\000\040\000i\000m\000p\000l\000e\000m\000e\000n\000t\000a\000z\000i\000o\000n\000i\000\040\000f\000o\000r\000n\000i\000t\000e\000\040\000d\000i\000\040\000d\000e\000f\000a\000u\000l\000t}{chapter.1}% 3
\BOOKMARK [1][-]{section.1.3}{\376\377\000I\000n\000f\000o\000r\000m\000a\000z\000i\000o\000n\000i\000\040\000f\000o\000n\000d\000a\000m\000e\000n\000t\000a\000l\000i\000\040\000c\000i\000r\000c\000a\000\040\000i\000l\000\040\000p\000r\000i\000m\000o\000\040\000a\000v\000v\000i\000o}{chapter.1}% 4
\BOOKMARK [1][-]{section.1.4}{\376\377\000R\000e\000s\000p\000o\000n\000s\000a\000b\000i\000l\000i\000t\000\340\000\040\000d\000e\000l\000l\000e\000\040\000c\000l\000a\000s\000s\000i}{chapter.1}% 5
\BOOKMARK [1][-]{section.1.5}{\376\377\000D\000e\000s\000i\000g\000n\000\040\000p\000a\000t\000t\000e\000r\000n\000\040\000i\000m\000p\000i\000e\000g\000a\000t\000i}{chapter.1}% 6
\BOOKMARK [1][-]{section.1.6}{\376\377\000T\000e\000s\000t\000i\000n\000g}{chapter.1}% 7
\BOOKMARK [1][-]{section.1.7}{\376\377\000G\000r\000a\000d\000l\000e}{chapter.1}% 8
\BOOKMARK [1][-]{section.1.8}{\376\377\000C\000o\000n\000t\000i\000n\000u\000o\000u\000s\000\040\000I\000n\000t\000e\000g\000r\000a\000t\000i\000o\000n}{chapter.1}% 9
\BOOKMARK [0][-]{chapter.2}{\376\377\000G\000u\000i\000d\000a\000\040\000a\000l\000\040\000g\000i\000o\000c\000o}{}% 10
\BOOKMARK [1][-]{section.2.1}{\376\377\000R\000e\000g\000o\000l\000a\000m\000e\000n\000t\000o}{chapter.2}% 11
\BOOKMARK [1][-]{section.2.2}{\376\377\000S\000i\000n\000g\000o\000l\000a\000\040\000p\000a\000r\000t\000i\000t\000a}{chapter.2}% 12
\BOOKMARK [1][-]{section.2.3}{\376\377\000S\000t\000r\000u\000t\000t\000u\000r\000a\000\040\000d\000e\000l\000l\040\031\000i\000n\000t\000e\000r\000f\000a\000c\000c\000i\000a}{chapter.2}% 13
\BOOKMARK [0][-]{chapter.3}{\376\377\000S\000p\000h\000i\000n\000x\000\040\000e\000\040\000l\000e\000\040\000s\000u\000e\000\040\000p\000o\000t\000e\000n\000z\000i\000a\000l\000i\000t\000\340}{}% 14
\BOOKMARK [1][-]{section.3.1}{\376\377\000S\000t\000r\000u\000m\000e\000n\000t\000i\000\040\000c\000o\000n\000\040\000c\000u\000i\000\040\000\350\000\040\000s\000t\000a\000t\000a\000\040\000r\000e\000a\000l\000i\000z\000z\000a\000t\000a}{chapter.3}% 15
\BOOKMARK [1][-]{section.3.2}{\376\377\000A\000u\000t\000o\000g\000e\000n\000e\000r\000a\000z\000i\000o\000n\000e\000\040\000d\000e\000l\000l\000a\000\040\000s\000i\000n\000t\000a\000s\000s\000i\000\040\000c\000o\000n\000v\000e\000r\000t\000i\000t\000a\000\040\000d\000a\000\040\000J\000a\000v\000a\000D\000o\000c\000\040\000a\000\040\000S\000p\000h\000i\000n\000x}{chapter.3}% 16
\BOOKMARK [0][-]{chapter.4}{\376\377\000D\000o\000c\000u\000m\000e\000n\000t\000a\000z\000i\000o\000n\000e\000\040\000d\000e\000l\000\040\000c\000o\000d\000i\000c\000e}{}% 17
\BOOKMARK [1][-]{section.4.1}{\376\377\000i\000t\000.\000u\000n\000i\000c\000a\000m\000.\000c\000s\000.\000p\000a\000.\000m\000a\000s\000t\000e\000r\000m\000i\000n\000d\000.\000f\000a\000c\000t\000o\000r\000i\000e\000s}{chapter.4}% 18
\BOOKMARK [1][-]{section.4.2}{\376\377\000i\000t\000.\000u\000n\000i\000c\000a\000m\000.\000c\000s\000.\000p\000a\000.\000m\000a\000s\000t\000e\000r\000m\000i\000n\000d\000.\000g\000a\000m\000e\000c\000o\000r\000e}{chapter.4}% 19
\BOOKMARK [1][-]{section.4.3}{\376\377\000i\000t\000.\000u\000n\000i\000c\000a\000m\000.\000c\000s\000.\000p\000a\000.\000m\000a\000s\000t\000e\000r\000m\000i\000n\000d\000.\000p\000l\000a\000y\000e\000r\000s}{chapter.4}% 20
\BOOKMARK [1][-]{section.4.4}{\376\377\000i\000t\000.\000u\000n\000i\000c\000a\000m\000.\000c\000s\000.\000p\000a\000.\000m\000a\000s\000t\000e\000r\000m\000i\000n\000d\000.\000u\000i}{chapter.4}% 21
\BOOKMARK [0][-]{chapter.5}{\376\377\000T\000e\000s\000t\000\040\000r\000e\000a\000l\000i\000z\000z\000a\000t\000i\000\040\000i\000n\000\040\000J\000U\000n\000i\000t}{}% 22
\BOOKMARK [1][-]{section.5.1}{\376\377\000i\000t\000.\000u\000n\000i\000c\000a\000m\000.\000c\000s\000.\000p\000a\000.\000m\000a\000s\000t\000e\000r\000m\000i\000n\000d\000.\000t\000e\000s\000t}{chapter.5}% 23
\BOOKMARK [0][-]{section*.498}{\376\377\000I\000n\000d\000i\000c\000e}{}% 24
